<?xml version="1.0" encoding="UTF-8"?>
<testsuite xmlns:xsi="http://www.w3.org/2001/XMLSchema-instance" xsi:noNamespaceSchemaLocation="https://maven.apache.org/surefire/maven-surefire-plugin/xsd/surefire-test-report-3.0.xsd" version="3.0" name="TestSuite" time="18.594" tests="5" errors="0" skipped="0" failures="0">
  <properties>
    <property name="java.specification.version" value="21"/>
    <property name="sun.jnu.encoding" value="UTF-8"/>
    <property name="java.class.path" value="/Users/vikashanandsingh/eclipse-workspace/CucumberMavenProject/target/test-classes:/Users/vikashanandsingh/eclipse-workspace/CucumberMavenProject/target/classes:/Users/vikashanandsingh/.m2/repository/junit/junit/4.11/junit-4.11.jar:/Users/vikashanandsingh/.m2/repository/org/hamcrest/hamcrest-core/1.3/hamcrest-core-1.3.jar:/Users/vikashanandsingh/.m2/repository/io/cucumber/cucumber-java/7.14.0/cucumber-java-7.14.0.jar:/Users/vikashanandsingh/.m2/repository/io/cucumber/cucumber-core/7.14.0/cucumber-core-7.14.0.jar:/Users/vikashanandsingh/.m2/repository/io/cucumber/cucumber-gherkin/7.14.0/cucumber-gherkin-7.14.0.jar:/Users/vikashanandsingh/.m2/repository/io/cucumber/cucumber-gherkin-messages/7.14.0/cucumber-gherkin-messages-7.14.0.jar:/Users/vikashanandsingh/.m2/repository/io/cucumber/gherkin/26.2.0/gherkin-26.2.0.jar:/Users/vikashanandsingh/.m2/repository/io/cucumber/messages/22.0.0/messages-22.0.0.jar:/Users/vikashanandsingh/.m2/repository/io/cucumber/tag-expressions/5.0.6/tag-expressions-5.0.6.jar:/Users/vikashanandsingh/.m2/repository/io/cucumber/cucumber-expressions/16.1.2/cucumber-expressions-16.1.2.jar:/Users/vikashanandsingh/.m2/repository/io/cucumber/datatable/7.14.0/datatable-7.14.0.jar:/Users/vikashanandsingh/.m2/repository/io/cucumber/cucumber-plugin/7.14.0/cucumber-plugin-7.14.0.jar:/Users/vikashanandsingh/.m2/repository/io/cucumber/docstring/7.14.0/docstring-7.14.0.jar:/Users/vikashanandsingh/.m2/repository/io/cucumber/html-formatter/20.4.0/html-formatter-20.4.0.jar:/Users/vikashanandsingh/.m2/repository/io/cucumber/junit-xml-formatter/0.2.0/junit-xml-formatter-0.2.0.jar:/Users/vikashanandsingh/.m2/repository/io/cucumber/ci-environment/9.2.0/ci-environment-9.2.0.jar:/Users/vikashanandsingh/.m2/repository/org/apiguardian/apiguardian-api/1.1.2/apiguardian-api-1.1.2.jar:/Users/vikashanandsingh/.m2/repository/io/cucumber/cucumber-testng/7.14.0/cucumber-testng-7.14.0.jar:/Users/vikashanandsingh/.m2/repository/net/masterthought/maven-cucumber-reporting/5.7.7/maven-cucumber-reporting-5.7.7.jar:/Users/vikashanandsingh/.m2/repository/commons-collections/commons-collections/3.2.2/commons-collections-3.2.2.jar:/Users/vikashanandsingh/.m2/repository/net/masterthought/cucumber-reporting/5.7.7/cucumber-reporting-5.7.7.jar:/Users/vikashanandsingh/.m2/repository/com/fasterxml/jackson/core/jackson-databind/2.15.2/jackson-databind-2.15.2.jar:/Users/vikashanandsingh/.m2/repository/com/fasterxml/jackson/core/jackson-annotations/2.15.2/jackson-annotations-2.15.2.jar:/Users/vikashanandsingh/.m2/repository/com/fasterxml/jackson/core/jackson-core/2.15.2/jackson-core-2.15.2.jar:/Users/vikashanandsingh/.m2/repository/com/fasterxml/jackson/datatype/jackson-datatype-jsr310/2.15.2/jackson-datatype-jsr310-2.15.2.jar:/Users/vikashanandsingh/.m2/repository/org/apache/velocity/velocity-engine-core/2.3/velocity-engine-core-2.3.jar:/Users/vikashanandsingh/.m2/repository/joda-time/joda-time/2.12.5/joda-time-2.12.5.jar:/Users/vikashanandsingh/.m2/repository/org/apache/commons/commons-lang3/3.13.0/commons-lang3-3.13.0.jar:/Users/vikashanandsingh/.m2/repository/commons-io/commons-io/2.7/commons-io-2.7.jar:/Users/vikashanandsingh/.m2/repository/org/codehaus/plexus/plexus-utils/3.5.1/plexus-utils-3.5.1.jar:/Users/vikashanandsingh/.m2/repository/org/jsoup/jsoup/1.16.1/jsoup-1.16.1.jar:/Users/vikashanandsingh/.m2/repository/com/googlecode/owasp-java-html-sanitizer/owasp-java-html-sanitizer/20220608.1/owasp-java-html-sanitizer-20220608.1.jar:/Users/vikashanandsingh/.m2/repository/com/google/guava/guava/30.1-jre/guava-30.1-jre.jar:/Users/vikashanandsingh/.m2/repository/com/google/guava/failureaccess/1.0.1/failureaccess-1.0.1.jar:/Users/vikashanandsingh/.m2/repository/com/google/guava/listenablefuture/9999.0-empty-to-avoid-conflict-with-guava/listenablefuture-9999.0-empty-to-avoid-conflict-with-guava.jar:/Users/vikashanandsingh/.m2/repository/com/google/code/findbugs/jsr305/3.0.2/jsr305-3.0.2.jar:/Users/vikashanandsingh/.m2/repository/org/checkerframework/checker-qual/3.5.0/checker-qual-3.5.0.jar:/Users/vikashanandsingh/.m2/repository/com/google/errorprone/error_prone_annotations/2.3.4/error_prone_annotations-2.3.4.jar:/Users/vikashanandsingh/.m2/repository/com/google/j2objc/j2objc-annotations/1.3/j2objc-annotations-1.3.jar:/Users/vikashanandsingh/.m2/repository/commons-configuration/commons-configuration/1.10/commons-configuration-1.10.jar:/Users/vikashanandsingh/.m2/repository/commons-lang/commons-lang/2.6/commons-lang-2.6.jar:/Users/vikashanandsingh/.m2/repository/commons-logging/commons-logging/1.1.1/commons-logging-1.1.1.jar:/Users/vikashanandsingh/.m2/repository/org/testng/testng/7.8.0/testng-7.8.0.jar:/Users/vikashanandsingh/.m2/repository/org/slf4j/slf4j-api/1.7.36/slf4j-api-1.7.36.jar:/Users/vikashanandsingh/.m2/repository/com/beust/jcommander/1.82/jcommander-1.82.jar:/Users/vikashanandsingh/.m2/repository/org/webjars/jquery/3.6.1/jquery-3.6.1.jar:/Users/vikashanandsingh/.m2/repository/org/seleniumhq/selenium/selenium-java/4.19.0/selenium-java-4.19.0.jar:/Users/vikashanandsingh/.m2/repository/org/seleniumhq/selenium/selenium-api/4.19.0/selenium-api-4.19.0.jar:/Users/vikashanandsingh/.m2/repository/org/seleniumhq/selenium/selenium-chrome-driver/4.19.0/selenium-chrome-driver-4.19.0.jar:/Users/vikashanandsingh/.m2/repository/com/google/auto/service/auto-service-annotations/1.1.1/auto-service-annotations-1.1.1.jar:/Users/vikashanandsingh/.m2/repository/org/seleniumhq/selenium/selenium-chromium-driver/4.19.0/selenium-chromium-driver-4.19.0.jar:/Users/vikashanandsingh/.m2/repository/org/seleniumhq/selenium/selenium-json/4.19.0/selenium-json-4.19.0.jar:/Users/vikashanandsingh/.m2/repository/org/seleniumhq/selenium/selenium-manager/4.19.0/selenium-manager-4.19.0.jar:/Users/vikashanandsingh/.m2/repository/org/seleniumhq/selenium/selenium-devtools-v121/4.19.0/selenium-devtools-v121-4.19.0.jar:/Users/vikashanandsingh/.m2/repository/org/seleniumhq/selenium/selenium-devtools-v122/4.19.0/selenium-devtools-v122-4.19.0.jar:/Users/vikashanandsingh/.m2/repository/org/seleniumhq/selenium/selenium-devtools-v123/4.19.0/selenium-devtools-v123-4.19.0.jar:/Users/vikashanandsingh/.m2/repository/org/seleniumhq/selenium/selenium-devtools-v85/4.19.0/selenium-devtools-v85-4.19.0.jar:/Users/vikashanandsingh/.m2/repository/org/seleniumhq/selenium/selenium-edge-driver/4.19.0/selenium-edge-driver-4.19.0.jar:/Users/vikashanandsingh/.m2/repository/org/seleniumhq/selenium/selenium-firefox-driver/4.19.0/selenium-firefox-driver-4.19.0.jar:/Users/vikashanandsingh/.m2/repository/org/seleniumhq/selenium/selenium-http/4.19.0/selenium-http-4.19.0.jar:/Users/vikashanandsingh/.m2/repository/dev/failsafe/failsafe/3.3.2/failsafe-3.3.2.jar:/Users/vikashanandsingh/.m2/repository/org/seleniumhq/selenium/selenium-ie-driver/4.19.0/selenium-ie-driver-4.19.0.jar:/Users/vikashanandsingh/.m2/repository/org/seleniumhq/selenium/selenium-remote-driver/4.19.0/selenium-remote-driver-4.19.0.jar:/Users/vikashanandsingh/.m2/repository/io/opentelemetry/semconv/opentelemetry-semconv/1.23.1-alpha/opentelemetry-semconv-1.23.1-alpha.jar:/Users/vikashanandsingh/.m2/repository/io/opentelemetry/opentelemetry-api/1.36.0/opentelemetry-api-1.36.0.jar:/Users/vikashanandsingh/.m2/repository/io/opentelemetry/opentelemetry-context/1.36.0/opentelemetry-context-1.36.0.jar:/Users/vikashanandsingh/.m2/repository/io/opentelemetry/opentelemetry-exporter-logging/1.36.0/opentelemetry-exporter-logging-1.36.0.jar:/Users/vikashanandsingh/.m2/repository/io/opentelemetry/opentelemetry-sdk-common/1.36.0/opentelemetry-sdk-common-1.36.0.jar:/Users/vikashanandsingh/.m2/repository/io/opentelemetry/opentelemetry-sdk-extension-autoconfigure-spi/1.36.0/opentelemetry-sdk-extension-autoconfigure-spi-1.36.0.jar:/Users/vikashanandsingh/.m2/repository/io/opentelemetry/opentelemetry-sdk-extension-autoconfigure/1.36.0/opentelemetry-sdk-extension-autoconfigure-1.36.0.jar:/Users/vikashanandsingh/.m2/repository/io/opentelemetry/opentelemetry-api-events/1.36.0-alpha/opentelemetry-api-events-1.36.0-alpha.jar:/Users/vikashanandsingh/.m2/repository/io/opentelemetry/opentelemetry-sdk-trace/1.36.0/opentelemetry-sdk-trace-1.36.0.jar:/Users/vikashanandsingh/.m2/repository/io/opentelemetry/opentelemetry-extension-incubator/1.36.0-alpha/opentelemetry-extension-incubator-1.36.0-alpha.jar:/Users/vikashanandsingh/.m2/repository/io/opentelemetry/opentelemetry-sdk/1.36.0/opentelemetry-sdk-1.36.0.jar:/Users/vikashanandsingh/.m2/repository/io/opentelemetry/opentelemetry-sdk-metrics/1.36.0/opentelemetry-sdk-metrics-1.36.0.jar:/Users/vikashanandsingh/.m2/repository/io/opentelemetry/opentelemetry-sdk-logs/1.36.0/opentelemetry-sdk-logs-1.36.0.jar:/Users/vikashanandsingh/.m2/repository/net/bytebuddy/byte-buddy/1.14.12/byte-buddy-1.14.12.jar:/Users/vikashanandsingh/.m2/repository/org/seleniumhq/selenium/selenium-os/4.19.0/selenium-os-4.19.0.jar:/Users/vikashanandsingh/.m2/repository/org/apache/commons/commons-exec/1.3/commons-exec-1.3.jar:/Users/vikashanandsingh/.m2/repository/org/seleniumhq/selenium/selenium-safari-driver/4.19.0/selenium-safari-driver-4.19.0.jar:/Users/vikashanandsingh/.m2/repository/org/seleniumhq/selenium/selenium-support/4.19.0/selenium-support-4.19.0.jar:"/>
    <property name="java.vm.vendor" value="Homebrew"/>
    <property name="sun.arch.data.model" value="64"/>
    <property name="java.vendor.url" value="https://github.com/Homebrew/homebrew-core/issues"/>
    <property name="user.timezone" value="Asia/Kolkata"/>
    <property name="os.name" value="Mac OS X"/>
    <property name="java.vm.specification.version" value="21"/>
    <property name="sun.java.launcher" value="SUN_STANDARD"/>
    <property name="user.country" value="IN"/>
    <property name="sun.boot.library.path" value="/opt/homebrew/Cellar/openjdk/21.0.1/libexec/openjdk.jdk/Contents/Home/lib"/>
    <property name="sun.java.command" value="/Users/vikashanandsingh/eclipse-workspace/CucumberMavenProject/target/surefire/surefirebooter-20240411133010292_3.jar /Users/vikashanandsingh/eclipse-workspace/CucumberMavenProject/target/surefire 2024-04-11T13-30-10_257-jvmRun1 surefire-20240411133010292_1tmp surefire_0-20240411133010292_2tmp"/>
    <property name="http.nonProxyHosts" value="local|*.local|169.254/16|*.169.254/16"/>
    <property name="jdk.debug" value="release"/>
    <property name="surefire.test.class.path" value="/Users/vikashanandsingh/eclipse-workspace/CucumberMavenProject/target/test-classes:/Users/vikashanandsingh/eclipse-workspace/CucumberMavenProject/target/classes:/Users/vikashanandsingh/.m2/repository/junit/junit/4.11/junit-4.11.jar:/Users/vikashanandsingh/.m2/repository/org/hamcrest/hamcrest-core/1.3/hamcrest-core-1.3.jar:/Users/vikashanandsingh/.m2/repository/io/cucumber/cucumber-java/7.14.0/cucumber-java-7.14.0.jar:/Users/vikashanandsingh/.m2/repository/io/cucumber/cucumber-core/7.14.0/cucumber-core-7.14.0.jar:/Users/vikashanandsingh/.m2/repository/io/cucumber/cucumber-gherkin/7.14.0/cucumber-gherkin-7.14.0.jar:/Users/vikashanandsingh/.m2/repository/io/cucumber/cucumber-gherkin-messages/7.14.0/cucumber-gherkin-messages-7.14.0.jar:/Users/vikashanandsingh/.m2/repository/io/cucumber/gherkin/26.2.0/gherkin-26.2.0.jar:/Users/vikashanandsingh/.m2/repository/io/cucumber/messages/22.0.0/messages-22.0.0.jar:/Users/vikashanandsingh/.m2/repository/io/cucumber/tag-expressions/5.0.6/tag-expressions-5.0.6.jar:/Users/vikashanandsingh/.m2/repository/io/cucumber/cucumber-expressions/16.1.2/cucumber-expressions-16.1.2.jar:/Users/vikashanandsingh/.m2/repository/io/cucumber/datatable/7.14.0/datatable-7.14.0.jar:/Users/vikashanandsingh/.m2/repository/io/cucumber/cucumber-plugin/7.14.0/cucumber-plugin-7.14.0.jar:/Users/vikashanandsingh/.m2/repository/io/cucumber/docstring/7.14.0/docstring-7.14.0.jar:/Users/vikashanandsingh/.m2/repository/io/cucumber/html-formatter/20.4.0/html-formatter-20.4.0.jar:/Users/vikashanandsingh/.m2/repository/io/cucumber/junit-xml-formatter/0.2.0/junit-xml-formatter-0.2.0.jar:/Users/vikashanandsingh/.m2/repository/io/cucumber/ci-environment/9.2.0/ci-environment-9.2.0.jar:/Users/vikashanandsingh/.m2/repository/org/apiguardian/apiguardian-api/1.1.2/apiguardian-api-1.1.2.jar:/Users/vikashanandsingh/.m2/repository/io/cucumber/cucumber-testng/7.14.0/cucumber-testng-7.14.0.jar:/Users/vikashanandsingh/.m2/repository/net/masterthought/maven-cucumber-reporting/5.7.7/maven-cucumber-reporting-5.7.7.jar:/Users/vikashanandsingh/.m2/repository/commons-collections/commons-collections/3.2.2/commons-collections-3.2.2.jar:/Users/vikashanandsingh/.m2/repository/net/masterthought/cucumber-reporting/5.7.7/cucumber-reporting-5.7.7.jar:/Users/vikashanandsingh/.m2/repository/com/fasterxml/jackson/core/jackson-databind/2.15.2/jackson-databind-2.15.2.jar:/Users/vikashanandsingh/.m2/repository/com/fasterxml/jackson/core/jackson-annotations/2.15.2/jackson-annotations-2.15.2.jar:/Users/vikashanandsingh/.m2/repository/com/fasterxml/jackson/core/jackson-core/2.15.2/jackson-core-2.15.2.jar:/Users/vikashanandsingh/.m2/repository/com/fasterxml/jackson/datatype/jackson-datatype-jsr310/2.15.2/jackson-datatype-jsr310-2.15.2.jar:/Users/vikashanandsingh/.m2/repository/org/apache/velocity/velocity-engine-core/2.3/velocity-engine-core-2.3.jar:/Users/vikashanandsingh/.m2/repository/joda-time/joda-time/2.12.5/joda-time-2.12.5.jar:/Users/vikashanandsingh/.m2/repository/org/apache/commons/commons-lang3/3.13.0/commons-lang3-3.13.0.jar:/Users/vikashanandsingh/.m2/repository/commons-io/commons-io/2.7/commons-io-2.7.jar:/Users/vikashanandsingh/.m2/repository/org/codehaus/plexus/plexus-utils/3.5.1/plexus-utils-3.5.1.jar:/Users/vikashanandsingh/.m2/repository/org/jsoup/jsoup/1.16.1/jsoup-1.16.1.jar:/Users/vikashanandsingh/.m2/repository/com/googlecode/owasp-java-html-sanitizer/owasp-java-html-sanitizer/20220608.1/owasp-java-html-sanitizer-20220608.1.jar:/Users/vikashanandsingh/.m2/repository/com/google/guava/guava/30.1-jre/guava-30.1-jre.jar:/Users/vikashanandsingh/.m2/repository/com/google/guava/failureaccess/1.0.1/failureaccess-1.0.1.jar:/Users/vikashanandsingh/.m2/repository/com/google/guava/listenablefuture/9999.0-empty-to-avoid-conflict-with-guava/listenablefuture-9999.0-empty-to-avoid-conflict-with-guava.jar:/Users/vikashanandsingh/.m2/repository/com/google/code/findbugs/jsr305/3.0.2/jsr305-3.0.2.jar:/Users/vikashanandsingh/.m2/repository/org/checkerframework/checker-qual/3.5.0/checker-qual-3.5.0.jar:/Users/vikashanandsingh/.m2/repository/com/google/errorprone/error_prone_annotations/2.3.4/error_prone_annotations-2.3.4.jar:/Users/vikashanandsingh/.m2/repository/com/google/j2objc/j2objc-annotations/1.3/j2objc-annotations-1.3.jar:/Users/vikashanandsingh/.m2/repository/commons-configuration/commons-configuration/1.10/commons-configuration-1.10.jar:/Users/vikashanandsingh/.m2/repository/commons-lang/commons-lang/2.6/commons-lang-2.6.jar:/Users/vikashanandsingh/.m2/repository/commons-logging/commons-logging/1.1.1/commons-logging-1.1.1.jar:/Users/vikashanandsingh/.m2/repository/org/testng/testng/7.8.0/testng-7.8.0.jar:/Users/vikashanandsingh/.m2/repository/org/slf4j/slf4j-api/1.7.36/slf4j-api-1.7.36.jar:/Users/vikashanandsingh/.m2/repository/com/beust/jcommander/1.82/jcommander-1.82.jar:/Users/vikashanandsingh/.m2/repository/org/webjars/jquery/3.6.1/jquery-3.6.1.jar:/Users/vikashanandsingh/.m2/repository/org/seleniumhq/selenium/selenium-java/4.19.0/selenium-java-4.19.0.jar:/Users/vikashanandsingh/.m2/repository/org/seleniumhq/selenium/selenium-api/4.19.0/selenium-api-4.19.0.jar:/Users/vikashanandsingh/.m2/repository/org/seleniumhq/selenium/selenium-chrome-driver/4.19.0/selenium-chrome-driver-4.19.0.jar:/Users/vikashanandsingh/.m2/repository/com/google/auto/service/auto-service-annotations/1.1.1/auto-service-annotations-1.1.1.jar:/Users/vikashanandsingh/.m2/repository/org/seleniumhq/selenium/selenium-chromium-driver/4.19.0/selenium-chromium-driver-4.19.0.jar:/Users/vikashanandsingh/.m2/repository/org/seleniumhq/selenium/selenium-json/4.19.0/selenium-json-4.19.0.jar:/Users/vikashanandsingh/.m2/repository/org/seleniumhq/selenium/selenium-manager/4.19.0/selenium-manager-4.19.0.jar:/Users/vikashanandsingh/.m2/repository/org/seleniumhq/selenium/selenium-devtools-v121/4.19.0/selenium-devtools-v121-4.19.0.jar:/Users/vikashanandsingh/.m2/repository/org/seleniumhq/selenium/selenium-devtools-v122/4.19.0/selenium-devtools-v122-4.19.0.jar:/Users/vikashanandsingh/.m2/repository/org/seleniumhq/selenium/selenium-devtools-v123/4.19.0/selenium-devtools-v123-4.19.0.jar:/Users/vikashanandsingh/.m2/repository/org/seleniumhq/selenium/selenium-devtools-v85/4.19.0/selenium-devtools-v85-4.19.0.jar:/Users/vikashanandsingh/.m2/repository/org/seleniumhq/selenium/selenium-edge-driver/4.19.0/selenium-edge-driver-4.19.0.jar:/Users/vikashanandsingh/.m2/repository/org/seleniumhq/selenium/selenium-firefox-driver/4.19.0/selenium-firefox-driver-4.19.0.jar:/Users/vikashanandsingh/.m2/repository/org/seleniumhq/selenium/selenium-http/4.19.0/selenium-http-4.19.0.jar:/Users/vikashanandsingh/.m2/repository/dev/failsafe/failsafe/3.3.2/failsafe-3.3.2.jar:/Users/vikashanandsingh/.m2/repository/org/seleniumhq/selenium/selenium-ie-driver/4.19.0/selenium-ie-driver-4.19.0.jar:/Users/vikashanandsingh/.m2/repository/org/seleniumhq/selenium/selenium-remote-driver/4.19.0/selenium-remote-driver-4.19.0.jar:/Users/vikashanandsingh/.m2/repository/io/opentelemetry/semconv/opentelemetry-semconv/1.23.1-alpha/opentelemetry-semconv-1.23.1-alpha.jar:/Users/vikashanandsingh/.m2/repository/io/opentelemetry/opentelemetry-api/1.36.0/opentelemetry-api-1.36.0.jar:/Users/vikashanandsingh/.m2/repository/io/opentelemetry/opentelemetry-context/1.36.0/opentelemetry-context-1.36.0.jar:/Users/vikashanandsingh/.m2/repository/io/opentelemetry/opentelemetry-exporter-logging/1.36.0/opentelemetry-exporter-logging-1.36.0.jar:/Users/vikashanandsingh/.m2/repository/io/opentelemetry/opentelemetry-sdk-common/1.36.0/opentelemetry-sdk-common-1.36.0.jar:/Users/vikashanandsingh/.m2/repository/io/opentelemetry/opentelemetry-sdk-extension-autoconfigure-spi/1.36.0/opentelemetry-sdk-extension-autoconfigure-spi-1.36.0.jar:/Users/vikashanandsingh/.m2/repository/io/opentelemetry/opentelemetry-sdk-extension-autoconfigure/1.36.0/opentelemetry-sdk-extension-autoconfigure-1.36.0.jar:/Users/vikashanandsingh/.m2/repository/io/opentelemetry/opentelemetry-api-events/1.36.0-alpha/opentelemetry-api-events-1.36.0-alpha.jar:/Users/vikashanandsingh/.m2/repository/io/opentelemetry/opentelemetry-sdk-trace/1.36.0/opentelemetry-sdk-trace-1.36.0.jar:/Users/vikashanandsingh/.m2/repository/io/opentelemetry/opentelemetry-extension-incubator/1.36.0-alpha/opentelemetry-extension-incubator-1.36.0-alpha.jar:/Users/vikashanandsingh/.m2/repository/io/opentelemetry/opentelemetry-sdk/1.36.0/opentelemetry-sdk-1.36.0.jar:/Users/vikashanandsingh/.m2/repository/io/opentelemetry/opentelemetry-sdk-metrics/1.36.0/opentelemetry-sdk-metrics-1.36.0.jar:/Users/vikashanandsingh/.m2/repository/io/opentelemetry/opentelemetry-sdk-logs/1.36.0/opentelemetry-sdk-logs-1.36.0.jar:/Users/vikashanandsingh/.m2/repository/net/bytebuddy/byte-buddy/1.14.12/byte-buddy-1.14.12.jar:/Users/vikashanandsingh/.m2/repository/org/seleniumhq/selenium/selenium-os/4.19.0/selenium-os-4.19.0.jar:/Users/vikashanandsingh/.m2/repository/org/apache/commons/commons-exec/1.3/commons-exec-1.3.jar:/Users/vikashanandsingh/.m2/repository/org/seleniumhq/selenium/selenium-safari-driver/4.19.0/selenium-safari-driver-4.19.0.jar:/Users/vikashanandsingh/.m2/repository/org/seleniumhq/selenium/selenium-support/4.19.0/selenium-support-4.19.0.jar:"/>
    <property name="sun.cpu.endian" value="little"/>
    <property name="user.home" value="/Users/vikashanandsingh"/>
    <property name="user.language" value="en"/>
    <property name="java.specification.vendor" value="Oracle Corporation"/>
    <property name="java.version.date" value="2023-10-17"/>
    <property name="java.home" value="/opt/homebrew/Cellar/openjdk/21.0.1/libexec/openjdk.jdk/Contents/Home"/>
    <property name="file.separator" value="/"/>
    <property name="basedir" value="/Users/vikashanandsingh/eclipse-workspace/CucumberMavenProject"/>
    <property name="java.vm.compressedOopsMode" value="Zero based"/>
    <property name="line.separator" value="&#10;"/>
    <property name="java.vm.specification.vendor" value="Oracle Corporation"/>
    <property name="java.specification.name" value="Java Platform API Specification"/>
    <property name="apple.awt.application.name" value="ForkedBooter"/>
    <property name="surefire.real.class.path" value="/Users/vikashanandsingh/eclipse-workspace/CucumberMavenProject/target/surefire/surefirebooter-20240411133010292_3.jar"/>
    <property name="sun.management.compiler" value="HotSpot 64-Bit Tiered Compilers"/>
    <property name="ftp.nonProxyHosts" value="local|*.local|169.254/16|*.169.254/16"/>
    <property name="java.runtime.version" value="21.0.1"/>
    <property name="user.name" value="vikashanandsingh"/>
    <property name="stdout.encoding" value="UTF-8"/>
    <property name="path.separator" value=":"/>
    <property name="os.version" value="14.2.1"/>
    <property name="java.runtime.name" value="OpenJDK Runtime Environment"/>
    <property name="file.encoding" value="UTF-8"/>
    <property name="java.vm.name" value="OpenJDK 64-Bit Server VM"/>
    <property name="java.vendor.version" value="Homebrew"/>
    <property name="localRepository" value="/Users/vikashanandsingh/.m2/repository"/>
    <property name="java.vendor.url.bug" value="https://github.com/Homebrew/homebrew-core/issues"/>
    <property name="java.io.tmpdir" value="/var/folders/mc/43zzft695kz8_sc4__ftrht40000gn/T/"/>
    <property name="java.version" value="21.0.1"/>
    <property name="user.dir" value="/Users/vikashanandsingh/eclipse-workspace/CucumberMavenProject"/>
    <property name="os.arch" value="aarch64"/>
    <property name="java.vm.specification.name" value="Java Virtual Machine Specification"/>
    <property name="native.encoding" value="UTF-8"/>
    <property name="java.library.path" value="/Users/vikashanandsingh/Library/Java/Extensions:/Library/Java/Extensions:/Network/Library/Java/Extensions:/System/Library/Java/Extensions:/usr/lib/java:."/>
    <property name="java.vm.info" value="mixed mode, sharing"/>
    <property name="stderr.encoding" value="UTF-8"/>
    <property name="java.vendor" value="Homebrew"/>
    <property name="java.vm.version" value="21.0.1"/>
    <property name="sun.io.unicode.encoding" value="UnicodeBig"/>
    <property name="socksNonProxyHosts" value="local|*.local|169.254/16|*.169.254/16"/>
    <property name="java.class.version" value="65.0"/>
  </properties>
  <testcase name="runScenario[&quot;Navigating to the forgotten password page&quot;, &quot;Login Functionality for OpenCart E-commerce Website&quot;](1)" classname="runner.TestRunner" time="15.635">
    <system-out><![CDATA[
Scenario Outline: Unsuccessful login with invalid or empty credentials                                  # src/test/resources/features/LoginPage.feature:23

Scenario Outline: Unsuccessful login with invalid or empty credentials                                  # src/test/resources/features/LoginPage.feature:24

Scenario Outline: Unsuccessful login with invalid or empty credentials                                  # src/test/resources/features/LoginPage.feature:22

Scenario: Navigating to the forgotten password page      # src/test/resources/features/LoginPage.feature:26

Scenario: Successful login with valid credentials    # src/test/resources/features/LoginPage.feature:10
  Given I am on the OpenCart login page              # opencartApplication.CucumberMavenProject.stepdefs.LoginPageStepDef.i_am_on_the_open_cart_login_page()
  Given I am on the OpenCart login page                                                                 # opencartApplication.CucumberMavenProject.stepdefs.LoginPageStepDef.i_am_on_the_open_cart_login_page()
  Given I am on the OpenCart login page                                                                 # opencartApplication.CucumberMavenProject.stepdefs.LoginPageStepDef.i_am_on_the_open_cart_login_page()
  Given I am on the OpenCart login page                  # opencartApplication.CucumberMavenProject.stepdefs.LoginPageStepDef.i_am_on_the_open_cart_login_page()
  Given I am on the OpenCart login page                                                                 # opencartApplication.CucumberMavenProject.stepdefs.LoginPageStepDef.i_am_on_the_open_cart_login_page()
  Given I have entered invalid "abcccc" and "validPassword"                                             # opencartApplication.CucumberMavenProject.stepdefs.LoginPageStepDef.i_have_entered_invalid_and(java.lang.String,java.lang.String)
  Given I have entered invalid "invalid@email.com" and "invalidPassword"                                # opencartApplication.CucumberMavenProject.stepdefs.LoginPageStepDef.i_have_entered_invalid_and(java.lang.String,java.lang.String)
  Given I have entered a valid username and password # opencartApplication.CucumberMavenProject.stepdefs.LoginPageStepDef.i_have_entered_a_valid_username_and_password()
  When I click on the "Forgotten Password" link          # opencartApplication.CucumberMavenProject.stepdefs.LoginPageStepDef.i_click_on_the_forgotten_password_link()
  Then I should be redirected to the password reset page # opencartApplication.CucumberMavenProject.stepdefs.LoginPageStepDef.i_should_be_redirected_to_the_password_reset_page()
  Given I have entered invalid "valid@email.com" and "abccc"                                            # opencartApplication.CucumberMavenProject.stepdefs.LoginPageStepDef.i_have_entered_invalid_and(java.lang.String,java.lang.String)
]]></system-out>
    <system-err><![CDATA[SLF4J: Failed to load class "org.slf4j.impl.StaticLoggerBinder".
SLF4J: Defaulting to no-operation (NOP) logger implementation
SLF4J: See http://www.slf4j.org/codes.html#StaticLoggerBinder for further details.
]]></system-err>
  </testcase>
  <testcase name="runScenario[&quot;Unsuccessful login with invalid or empty credentials&quot;, &quot;Login Functionality for OpenCart E-commerce Website&quot;](2)" classname="runner.TestRunner" time="15.871">
    <system-out><![CDATA[  When I click on the login button                                                                      # opencartApplication.CucumberMavenProject.stepdefs.LoginPageStepDef.i_click_on_the_login_button()
  When I click on the login button                                                                      # opencartApplication.CucumberMavenProject.stepdefs.LoginPageStepDef.i_click_on_the_login_button()
  When I click on the login button                                                                      # opencartApplication.CucumberMavenProject.stepdefs.LoginPageStepDef.i_click_on_the_login_button()
  Then I should see an error message indicating "Warning: No match for E-Mail Address and/or Password." # opencartApplication.CucumberMavenProject.stepdefs.LoginPageStepDef.i_should_see_an_error_message_indicating(java.lang.String)
  Then I should see an error message indicating "Warning: No match for E-Mail Address and/or Password." # opencartApplication.CucumberMavenProject.stepdefs.LoginPageStepDef.i_should_see_an_error_message_indicating(java.lang.String)
  Then I should see an error message indicating "Warning: No match for E-Mail Address and/or Password." # opencartApplication.CucumberMavenProject.stepdefs.LoginPageStepDef.i_should_see_an_error_message_indicating(java.lang.String)
  When I click on the login button                   # opencartApplication.CucumberMavenProject.stepdefs.LoginPageStepDef.i_click_on_the_login_button()
  Then I should be logged in successfully            # opencartApplication.CucumberMavenProject.stepdefs.LoginPageStepDef.i_should_be_logged_in_successfully()
]]></system-out>
  </testcase>
  <testcase name="runScenario[&quot;Unsuccessful login with invalid or empty credentials&quot;, &quot;Login Functionality for OpenCart E-commerce Website&quot;](3)" classname="runner.TestRunner" time="15.906"/>
  <testcase name="runScenario[&quot;Unsuccessful login with invalid or empty credentials&quot;, &quot;Login Functionality for OpenCart E-commerce Website&quot;](4)" classname="runner.TestRunner" time="15.913"/>
  <testcase name="runScenario[&quot;Successful login with valid credentials&quot;, &quot;Login Functionality for OpenCart E-commerce Website&quot;](5)" classname="runner.TestRunner" time="15.976"/>
</testsuite>