<?xml version="1.0" encoding="UTF-8"?>
<testsuite xmlns:xsi="http://www.w3.org/2001/XMLSchema-instance" xsi:noNamespaceSchemaLocation="https://maven.apache.org/surefire/maven-surefire-plugin/xsd/surefire-test-report.xsd" name="TestSuite" time="9.993" tests="5" errors="0" skipped="0" failures="0">
  <properties>
    <property name="PATH" value="/opt/homebrew/Cellar/openjdk/21.0.1/libexec/openjdk.jdk/Contents/Home/bin:/usr/bin:/bin:/usr/sbin:/sbin"/>
    <property name="java.specification.version" value="21"/>
    <property name="RUN_DISPLAY_URL" value="http://localhost:8080/job/MavenCucumberTest/3/display/redirect"/>
    <property name="HUDSON_HOME" value="/Users/vikashanandsingh/.jenkins"/>
    <property name="RUN_CHANGES_DISPLAY_URL" value="http://localhost:8080/job/MavenCucumberTest/3/display/redirect?page=changes"/>
    <property name="sun.jnu.encoding" value="UTF-8"/>
    <property name="sun.arch.data.model" value="64"/>
    <property name="java.vendor.url" value="https://github.com/Homebrew/homebrew-core/issues"/>
    <property name="JENKINS_SERVER_COOKIE" value="894c639473fd56b1"/>
    <property name="JENKINS_URL" value="http://localhost:8080/"/>
    <property name="sun.boot.library.path" value="/opt/homebrew/Cellar/openjdk/21.0.1/libexec/openjdk.jdk/Contents/Home/lib"/>
    <property name="sun.java.command" value="jenkins.maven3.agent.Maven35Main /Users/vikashanandsingh/.jenkins/tools/hudson.tasks.Maven_MavenInstallation/maven /Users/vikashanandsingh/.jenkins/war/WEB-INF/lib/remoting-3160.vd76b_9ddd10cc.jar /Users/vikashanandsingh/.jenkins/plugins/maven-plugin/WEB-INF/lib/maven35-interceptor-1.14.jar /Users/vikashanandsingh/.jenkins/plugins/maven-plugin/WEB-INF/lib/maven3-interceptor-commons-1.14.jar 60262"/>
    <property name="maven.home" value="/Users/vikashanandsingh/.jenkins/tools/hudson.tasks.Maven_MavenInstallation/maven"/>
    <property name="jdk.debug" value="release"/>
    <property name="POM_GROUPID" value="opencartApplication"/>
    <property name="java.specification.vendor" value="Oracle Corporation"/>
    <property name="jansi.mode" value="strip"/>
    <property name="java.version.date" value="2023-10-17"/>
    <property name="java.home" value="/opt/homebrew/Cellar/openjdk/21.0.1/libexec/openjdk.jdk/Contents/Home"/>
    <property name="JENKINS_HOME" value="/Users/vikashanandsingh/.jenkins"/>
    <property name="file.separator" value="/"/>
    <property name="java.vm.compressedOopsMode" value="Zero based"/>
    <property name="line.separator" value="&#10;"/>
    <property name="NODE_NAME" value="built-in"/>
    <property name="XPC_FLAGS" value="0x0"/>
    <property name="java.vm.specification.vendor" value="Oracle Corporation"/>
    <property name="java.specification.name" value="Java Platform API Specification"/>
    <property name="BUILD_DISPLAY_NAME" value="#3"/>
    <property name="maven3.interceptor" value="/Users/vikashanandsingh/.jenkins/plugins/maven-plugin/WEB-INF/lib/maven35-interceptor-1.14.jar"/>
    <property name="PATH+MAVEN" value="/Users/vikashanandsingh/.jenkins/tools/hudson.tasks.Maven_MavenInstallation/maven/bin"/>
    <property name="maven3.interceptor.common" value="/Users/vikashanandsingh/.jenkins/plugins/maven-plugin/WEB-INF/lib/maven3-interceptor-commons-1.14.jar"/>
    <property name="WORKSPACE_TMP" value="/Users/vikashanandsingh/.jenkins/jobs/MavenCucumberTest/workspace@tmp"/>
    <property name="sun.management.compiler" value="HotSpot 64-Bit Tiered Compilers"/>
    <property name="java.runtime.version" value="21.0.1"/>
    <property name="JAVA_HOME" value="/opt/homebrew/Cellar/openjdk/21.0.1/libexec/openjdk.jdk/Contents/Home"/>
    <property name="user.name" value="vikashanandsingh"/>
    <property name="POM_ARTIFACTID" value="CucumberMavenProject"/>
    <property name="file.encoding" value="UTF-8"/>
    <property name="guice.disable.misplaced.annotation.check" value="true"/>
    <property name="HUDSON_URL" value="http://localhost:8080/"/>
    <property name="WORKSPACE" value="/Users/vikashanandsingh/.jenkins/jobs/MavenCucumberTest/workspace"/>
    <property name="java.vendor.version" value="Homebrew"/>
    <property name="java.io.tmpdir" value="/var/folders/mc/43zzft695kz8_sc4__ftrht40000gn/T/"/>
    <property name="java.version" value="21.0.1"/>
    <property name="CI" value="true"/>
    <property name="java.vm.specification.name" value="Java Virtual Machine Specification"/>
    <property name="JOB_BASE_NAME" value="MavenCucumberTest"/>
    <property name="org.slf4j.simpleLogger.defaultLogLevel" value="info"/>
    <property name="native.encoding" value="UTF-8"/>
    <property name="java.library.path" value="/Users/vikashanandsingh/Library/Java/Extensions:/Library/Java/Extensions:/Network/Library/Java/Extensions:/System/Library/Java/Extensions:/usr/lib/java:."/>
    <property name="BUILD_NUMBER" value="3"/>
    <property name="stderr.encoding" value="UTF-8"/>
    <property name="java.vendor" value="Homebrew"/>
    <property name="BUILD_URL" value="http://localhost:8080/job/MavenCucumberTest/3/"/>
    <property name="RUN_ARTIFACTS_DISPLAY_URL" value="http://localhost:8080/job/MavenCucumberTest/3/display/redirect?page=artifacts"/>
    <property name="sun.io.unicode.encoding" value="UnicodeBig"/>
    <property name="POM_DISPLAYNAME" value="CucumberMavenProject"/>
    <property name="socksNonProxyHosts" value="local|*.local|169.254/16|*.169.254/16"/>
    <property name="JOB_URL" value="http://localhost:8080/job/MavenCucumberTest/"/>
    <property name="java.class.path" value="/Users/vikashanandsingh/.jenkins/plugins/maven-plugin/WEB-INF/lib/maven35-agent-1.14.jar:/Users/vikashanandsingh/.jenkins/tools/hudson.tasks.Maven_MavenInstallation/maven/boot/plexus-classworlds-2.7.0.jar:/Users/vikashanandsingh/.jenkins/tools/hudson.tasks.Maven_MavenInstallation/maven/conf/logging"/>
    <property name="java.vm.vendor" value="Homebrew"/>
    <property name="MAVEN_HOME" value="/Users/vikashanandsingh/.jenkins/tools/hudson.tasks.Maven_MavenInstallation/maven"/>
    <property name="user.timezone" value="Asia/Kolkata"/>
    <property name="maven.conf" value="/Users/vikashanandsingh/.jenkins/tools/hudson.tasks.Maven_MavenInstallation/maven/conf"/>
    <property name="java.vm.specification.version" value="21"/>
    <property name="os.name" value="Mac OS X"/>
    <property name="LOGNAME" value="vikashanandsingh"/>
    <property name="RUN_TESTS_DISPLAY_URL" value="http://localhost:8080/job/MavenCucumberTest/3/display/redirect?page=tests"/>
    <property name="user.country" value="IN"/>
    <property name="sun.java.launcher" value="SUN_STANDARD"/>
    <property name="POM_VERSION" value="0.0.1-SNAPSHOT"/>
    <property name="http.nonProxyHosts" value="local|*.local|169.254/16|*.169.254/16"/>
    <property name="BUILD_TAG" value="jenkins-MavenCucumberTest-3"/>
    <property name="SHELL" value="/bin/zsh"/>
    <property name="sun.cpu.endian" value="little"/>
    <property name="user.home" value="/Users/vikashanandsingh"/>
    <property name="user.language" value="en"/>
    <property name="TMPDIR" value="/var/folders/mc/43zzft695kz8_sc4__ftrht40000gn/T/"/>
    <property name="JOB_DISPLAY_URL" value="http://localhost:8080/job/MavenCucumberTest/display/redirect"/>
    <property name="M2_HOME" value="/Users/vikashanandsingh/.jenkins/tools/hudson.tasks.Maven_MavenInstallation/maven"/>
    <property name="__CF_USER_TEXT_ENCODING" value="0x1F5:0x0:0x0"/>
    <property name="apple.awt.application.name" value="Maven35Main"/>
    <property name="POM_PACKAGING" value="jar"/>
    <property name="ftp.nonProxyHosts" value="local|*.local|169.254/16|*.169.254/16"/>
    <property name="stdout.encoding" value="UTF-8"/>
    <property name="path.separator" value=":"/>
    <property name="BUILD_ID" value="3"/>
    <property name="os.version" value="14.0"/>
    <property name="JOB_NAME" value="MavenCucumberTest"/>
    <property name="java.runtime.name" value="OpenJDK Runtime Environment"/>
    <property name="NODE_LABELS" value="built-in"/>
    <property name="java.vm.name" value="OpenJDK 64-Bit Server VM"/>
    <property name="XPC_SERVICE_NAME" value="homebrew.mxcl.jenkins-lts"/>
    <property name="PATH+JDK" value="/opt/homebrew/Cellar/openjdk/21.0.1/libexec/openjdk.jdk/Contents/Home/bin"/>
    <property name="java.vendor.url.bug" value="https://github.com/Homebrew/homebrew-core/issues"/>
    <property name="user.dir" value="/Users/vikashanandsingh/eclipse-workspace/CucumberMavenProject"/>
    <property name="os.arch" value="aarch64"/>
    <property name="EXECUTOR_NUMBER" value="1"/>
    <property name="HUDSON_SERVER_COOKIE" value="894c639473fd56b1"/>
    <property name="USER" value="vikashanandsingh"/>
    <property name="CLASSPATH" value=""/>
    <property name="SSH_AUTH_SOCK" value="/private/tmp/com.apple.launchd.LoJmkV7CWG/Listeners"/>
    <property name="java.vm.info" value="mixed mode, sharing"/>
    <property name="java.vm.version" value="21.0.1"/>
    <property name="java.class.version" value="65.0"/>
    <property name="HOME" value="/Users/vikashanandsingh"/>
  </properties>
  <testcase name="runScenario" classname="runner.TestRunner" time="6.902"/>
  <testcase name="runScenario" classname="runner.TestRunner" time="6.902"/>
  <testcase name="runScenario" classname="runner.TestRunner" time="6.904"/>
  <testcase name="runScenario" classname="runner.TestRunner" time="7.308"/>
  <testcase name="runScenario" classname="runner.TestRunner" time="7.513"/>
</testsuite>