<?xml version="1.0" encoding="UTF-8"?>
<!-- Generated by org.testng.reporters.JUnitReportReporter -->
<testsuite hostname="Vikashs-MacBook-Air.local" failures="0" tests="5" name="runner.TestRunner" time="35.521" errors="0" timestamp="2023-11-28T21:30:11 IST" skipped="0">
  <testcase classname="runner.TestRunner" name="runScenario" time="6.899"/>
  <testcase classname="runner.TestRunner" name="runScenario" time="7.308"/>
  <testcase classname="runner.TestRunner" name="runScenario" time="6.899"/>
  <testcase classname="runner.TestRunner" name="runScenario" time="7.512"/>
  <testcase classname="runner.TestRunner" name="runScenario" time="6.903"/>
</testsuite> <!-- runner.TestRunner -->
