<?xml version="1.0" encoding="UTF-8"?>
<!-- Generated by org.testng.reporters.JUnitReportReporter -->
<testsuite hostname="Vikashs-MacBook-Air.local" failures="0" tests="5" name="runner.TestRunner" time="79.298" errors="0" timestamp="2024-04-11T13:30:29 IST" skipped="0">
  <testcase classname="runner.TestRunner" name="runScenario" time="15.977"/>
  <testcase classname="runner.TestRunner" name="runScenario" time="15.915"/>
  <testcase classname="runner.TestRunner" name="runScenario" time="15.872"/>
  <testcase classname="runner.TestRunner" name="runScenario" time="15.627"/>
  <testcase classname="runner.TestRunner" name="runScenario" time="15.907"/>
</testsuite> <!-- runner.TestRunner -->
